# JRE version: OpenJDK Runtime Environment (17.0.6) (build 17.0.6+0-b2043.56-10027231)
# Java VM: OpenJDK 64-Bit Server VM (17.0.6+0-b2043.56-10027231, mixed mode, tiered, compressed oops, compressed class ptrs, g1 gc, windows-amd64)
GC Precious Log:
 CPUs: 8 total, 8 available
 Memory: 12285M
 Large Page Support: Disabled
 NUMA Support: Disabled
 Compressed Oops: Enabled (32-bit)
 Heap Region Size: 1M
 Heap Min Capacity: 8M
 Heap Initial Capacity: 192M
 Heap Max Capacity: 2G
 Pre-touch: Disabled
 Parallel Workers: 8
 Concurrent Workers: 2
 Concurrent Refinement Workers: 8
 Periodic GC: Disabled
Heap:
 garbage-first heap   total 391168K, used 255107K [0x0000000080000000, 0x0000000100000000)
  region size 1024K, 3 young (3072K), 3 survivors (3072K)
 Metaspace       used 118028K, committed 119040K, reserved 1155072K
  class space    used 15906K, committed 16384K, reserved 1048576K
GC Heap History (20 events):
Event: 11.991 GC heap after
{Heap after GC invocations=43 (full 0):
 garbage-first heap   total 348160K, used 103056K [0x0000000080000000, 0x0000000100000000)
  region size 1024K, 4 young (4096K), 4 survivors (4096K)
 Metaspace       used 82945K, committed 83584K, reserved 1122304K
  class space    used 11298K, committed 11584K, reserved 1048576K
}
Event: 14.532 GC heap before
{Heap before GC invocations=44 (full 0):
 garbage-first heap   total 348160K, used 282256K [0x0000000080000000, 0x0000000100000000)
  region size 1024K, 158 young (161792K), 4 survivors (4096K)
 Metaspace       used 99239K, committed 99968K, reserved 1138688K
  class space    used 13411K, committed 13760K, reserved 1048576K
}
Event: 14.549 GC heap after
{Heap after GC invocations=45 (full 0):
 garbage-first heap   total 348160K, used 137788K [0x0000000080000000, 0x0000000100000000)
  region size 1024K, 18 young (18432K), 18 survivors (18432K)
 Metaspace       used 99239K, committed 99968K, reserved 1138688K
  class space    used 13411K, committed 13760K, reserved 1048576K
}
Event: 14.556 GC heap before
{Heap before GC invocations=45 (full 0):
 garbage-first heap   total 348160K, used 138812K [0x0000000080000000, 0x0000000100000000)
  region size 1024K, 19 young (19456K), 18 survivors (18432K)
 Metaspace       used 99248K, committed 99968K, reserved 1138688K
  class space    used 13411K, committed 13760K, reserved 1048576K
}
Event: 14.570 GC heap after
{Heap after GC invocations=46 (full 0):
 garbage-first heap   total 348160K, used 138909K [0x0000000080000000, 0x0000000100000000)
  region size 1024K, 2 young (2048K), 2 survivors (2048K)
 Metaspace       used 99248K, committed 99968K, reserved 1138688K
  class space    used 13411K, committed 13760K, reserved 1048576K
}
Event: 15.756 GC heap before
{Heap before GC invocations=46 (full 0):
 garbage-first heap   total 348160K, used 272029K [0x0000000080000000, 0x0000000100000000)
  region size 1024K, 133 young (136192K), 2 survivors (2048K)
 Metaspace       used 101671K, committed 102464K, reserved 1138688K
  class space    used 13644K, committed 14016K, reserved 1048576K
}
Event: 15.767 GC heap after
{Heap after GC invocations=47 (full 0):
 garbage-first heap   total 348160K, used 147448K [0x0000000080000000, 0x0000000100000000)
  region size 1024K, 11 young (11264K), 11 survivors (11264K)
 Metaspace       used 101671K, committed 102464K, reserved 1138688K
  class space    used 13644K, committed 14016K, reserved 1048576K
}
Event: 24.379 GC heap before
{Heap before GC invocations=47 (full 0):
 garbage-first heap   total 348160K, used 276472K [0x0000000080000000, 0x0000000100000000)
  region size 1024K, 137 young (140288K), 11 survivors (11264K)
 Metaspace       used 107110K, committed 108032K, reserved 1146880K
  class space    used 14369K, committed 14784K, reserved 1048576K
}
Event: 24.406 GC heap after
{Heap after GC invocations=48 (full 0):
 garbage-first heap   total 348160K, used 161119K [0x0000000080000000, 0x0000000100000000)
  region size 1024K, 14 young (14336K), 14 survivors (14336K)
 Metaspace       used 107110K, committed 108032K, reserved 1146880K
  class space    used 14369K, committed 14784K, reserved 1048576K
}
Event: 25.357 GC heap before
{Heap before GC invocations=48 (full 0):
 garbage-first heap   total 348160K, used 278879K [0x0000000080000000, 0x0000000100000000)
  region size 1024K, 130 young (133120K), 14 survivors (14336K)
 Metaspace       used 108204K, committed 109184K, reserved 1146880K
  class space    used 14534K, committed 14976K, reserved 1048576K
}
Event: 25.376 GC heap after
{Heap after GC invocations=49 (full 0):
 garbage-first heap   total 348160K, used 174377K [0x0000000080000000, 0x0000000100000000)
  region size 1024K, 14 young (14336K), 14 survivors (14336K)
 Metaspace       used 108204K, committed 109184K, reserved 1146880K
  class space    used 14534K, committed 14976K, reserved 1048576K
}
Event: 26.109 GC heap before
{Heap before GC invocations=50 (full 0):
 garbage-first heap   total 348160K, used 281897K [0x0000000080000000, 0x0000000100000000)
  region size 1024K, 120 young (122880K), 14 survivors (14336K)
 Metaspace       used 112841K, committed 113792K, reserved 1155072K
  class space    used 15177K, committed 15616K, reserved 1048576K
}
Event: 26.126 GC heap after
{Heap after GC invocations=51 (full 0):
 garbage-first heap   total 348160K, used 182566K [0x0000000080000000, 0x0000000100000000)
  region size 1024K, 10 young (10240K), 10 survivors (10240K)
 Metaspace       used 112841K, committed 113792K, reserved 1155072K
  class space    used 15177K, committed 15616K, reserved 1048576K
}
Event: 26.150 GC heap before
{Heap before GC invocations=51 (full 0):
 garbage-first heap   total 348160K, used 188710K [0x0000000080000000, 0x0000000100000000)
  region size 1024K, 17 young (17408K), 10 survivors (10240K)
 Metaspace       used 112977K, committed 113920K, reserved 1155072K
  class space    used 15196K, committed 15616K, reserved 1048576K
}
Event: 26.161 GC heap after
{Heap after GC invocations=52 (full 0):
 garbage-first heap   total 348160K, used 182242K [0x0000000080000000, 0x0000000100000000)
  region size 1024K, 2 young (2048K), 2 survivors (2048K)
 Metaspace       used 112977K, committed 113920K, reserved 1155072K
  class space    used 15196K, committed 15616K, reserved 1048576K
}
Event: 26.515 GC heap before
{Heap before GC invocations=52 (full 0):
 garbage-first heap   total 348160K, used 249826K [0x0000000080000000, 0x0000000100000000)
  region size 1024K, 64 young (65536K), 2 survivors (2048K)
 Metaspace       used 114458K, committed 115392K, reserved 1155072K
  class space    used 15392K, committed 15808K, reserved 1048576K
}
Event: 26.528 GC heap after
{Heap after GC invocations=53 (full 0):
 garbage-first heap   total 348160K, used 196215K [0x0000000080000000, 0x0000000100000000)
  region size 1024K, 10 young (10240K), 10 survivors (10240K)
 Metaspace       used 114458K, committed 115392K, reserved 1155072K
  class space    used 15392K, committed 15808K, reserved 1048576K
}
Event: 27.118 GC heap before
{Heap before GC invocations=54 (full 0):
 garbage-first heap   total 391168K, used 346743K [0x0000000080000000, 0x0000000100000000)
  region size 1024K, 94 young (96256K), 10 survivors (10240K)
 Metaspace       used 118000K, committed 118976K, reserved 1155072K
  class space    used 15906K, committed 16384K, reserved 1048576K
}
Event: 27.137 GC heap after
{Heap after GC invocations=55 (full 0):
 garbage-first heap   total 391168K, used 256544K [0x0000000080000000, 0x0000000100000000)
  region size 1024K, 12 young (12288K), 12 survivors (12288K)
 Metaspace       used 118000K, committed 118976K, reserved 1155072K
  class space    used 15906K, committed 16384K, reserved 1048576K
}
Event: 27.174 GC heap before
{Heap before GC invocations=55 (full 0):
 garbage-first heap   total 391168K, used 262688K [0x0000000080000000, 0x0000000100000000)
  region size 1024K, 19 young (19456K), 12 survivors (12288K)
 Metaspace       used 118028K, committed 119040K, reserved 1155072K
  class space    used 15906K, committed 16384K, reserved 1048576K
}

