# JRE version: OpenJDK Runtime Environment (17.0.6) (build 17.0.6+0-b2043.56-10027231)
# Java VM: OpenJDK 64-Bit Server VM (17.0.6+0-b2043.56-10027231, mixed mode, tiered, compressed oops, compressed class ptrs, g1 gc, windows-amd64)
GC Precious Log:
 CPUs: 8 total, 8 available
 Memory: 12285M
 Large Page Support: Disabled
 NUMA Support: Disabled
 Compressed Oops: Enabled (32-bit)
 Heap Region Size: 1M
 Heap Min Capacity: 8M
 Heap Initial Capacity: 192M
 Heap Max Capacity: 2G
 Pre-touch: Disabled
 Parallel Workers: 8
 Concurrent Workers: 2
 Concurrent Refinement Workers: 8
 Periodic GC: Disabled
Heap:
 garbage-first heap   total 351232K, used 295235K [0x0000000080000000, 0x0000000100000000)
  region size 1024K, 34 young (34816K), 7 survivors (7168K)
 Metaspace       used 121305K, committed 122304K, reserved 1155072K
  class space    used 16289K, committed 16768K, reserved 1048576K
GC Heap History (20 events):
Event: 14.241 GC heap before
{Heap before GC invocations=37 (full 0):
 garbage-first heap   total 222208K, used 179033K [0x0000000080000000, 0x0000000100000000)
  region size 1024K, 50 young (51200K), 3 survivors (3072K)
 Metaspace       used 92253K, committed 92992K, reserved 1130496K
  class space    used 12580K, committed 12928K, reserved 1048576K
}
Event: 14.249 GC heap after
{Heap after GC invocations=38 (full 0):
 garbage-first heap   total 222208K, used 133124K [0x0000000080000000, 0x0000000100000000)
  region size 1024K, 5 young (5120K), 5 survivors (5120K)
 Metaspace       used 92253K, committed 92992K, reserved 1130496K
  class space    used 12580K, committed 12928K, reserved 1048576K
}
Event: 15.310 GC heap before
{Heap before GC invocations=38 (full 0):
 garbage-first heap   total 222208K, used 182276K [0x0000000080000000, 0x0000000100000000)
  region size 1024K, 53 young (54272K), 5 survivors (5120K)
 Metaspace       used 99081K, committed 99776K, reserved 1138688K
  class space    used 13391K, committed 13696K, reserved 1048576K
}
Event: 15.320 GC heap after
{Heap after GC invocations=39 (full 0):
 garbage-first heap   total 222208K, used 137490K [0x0000000080000000, 0x0000000100000000)
  region size 1024K, 7 young (7168K), 7 survivors (7168K)
 Metaspace       used 99081K, committed 99776K, reserved 1138688K
  class space    used 13391K, committed 13696K, reserved 1048576K
}
Event: 15.640 GC heap before
{Heap before GC invocations=39 (full 0):
 garbage-first heap   total 222208K, used 182546K [0x0000000080000000, 0x0000000100000000)
  region size 1024K, 52 young (53248K), 7 survivors (7168K)
 Metaspace       used 99466K, committed 100224K, reserved 1138688K
  class space    used 13429K, committed 13760K, reserved 1048576K
}
Event: 15.652 GC heap after
{Heap after GC invocations=40 (full 0):
 garbage-first heap   total 222208K, used 142448K [0x0000000080000000, 0x0000000100000000)
  region size 1024K, 6 young (6144K), 6 survivors (6144K)
 Metaspace       used 99466K, committed 100224K, reserved 1138688K
  class space    used 13429K, committed 13760K, reserved 1048576K
}
Event: 16.054 GC heap before
{Heap before GC invocations=40 (full 0):
 garbage-first heap   total 222208K, used 183408K [0x0000000080000000, 0x0000000100000000)
  region size 1024K, 47 young (48128K), 6 survivors (6144K)
 Metaspace       used 100006K, committed 100736K, reserved 1138688K
  class space    used 13468K, committed 13760K, reserved 1048576K
}
Event: 16.062 GC heap after
{Heap after GC invocations=41 (full 0):
 garbage-first heap   total 351232K, used 145005K [0x0000000080000000, 0x0000000100000000)
  region size 1024K, 5 young (5120K), 5 survivors (5120K)
 Metaspace       used 100006K, committed 100736K, reserved 1138688K
  class space    used 13468K, committed 13760K, reserved 1048576K
}
Event: 108.071 GC heap before
{Heap before GC invocations=41 (full 0):
 garbage-first heap   total 351232K, used 267885K [0x0000000080000000, 0x0000000100000000)
  region size 1024K, 126 young (129024K), 5 survivors (5120K)
 Metaspace       used 105551K, committed 106432K, reserved 1146880K
  class space    used 14173K, committed 14592K, reserved 1048576K
}
Event: 108.086 GC heap after
{Heap after GC invocations=42 (full 0):
 garbage-first heap   total 351232K, used 154485K [0x0000000080000000, 0x0000000100000000)
  region size 1024K, 14 young (14336K), 14 survivors (14336K)
 Metaspace       used 105551K, committed 106432K, reserved 1146880K
  class space    used 14173K, committed 14592K, reserved 1048576K
}
Event: 109.467 GC heap before
{Heap before GC invocations=42 (full 0):
 garbage-first heap   total 351232K, used 273269K [0x0000000080000000, 0x0000000100000000)
  region size 1024K, 131 young (134144K), 14 survivors (14336K)
 Metaspace       used 108725K, committed 109696K, reserved 1146880K
  class space    used 14633K, committed 15104K, reserved 1048576K
}
Event: 109.490 GC heap after
{Heap after GC invocations=43 (full 0):
 garbage-first heap   total 351232K, used 169572K [0x0000000080000000, 0x0000000100000000)
  region size 1024K, 16 young (16384K), 16 survivors (16384K)
 Metaspace       used 108725K, committed 109696K, reserved 1146880K
  class space    used 14633K, committed 15104K, reserved 1048576K
}
Event: 110.914 GC heap before
{Heap before GC invocations=43 (full 0):
 garbage-first heap   total 351232K, used 278116K [0x0000000080000000, 0x0000000100000000)
  region size 1024K, 123 young (125952K), 16 survivors (16384K)
 Metaspace       used 115865K, committed 116864K, reserved 1155072K
  class space    used 15552K, committed 16064K, reserved 1048576K
}
Event: 110.932 GC heap after
{Heap after GC invocations=44 (full 0):
 garbage-first heap   total 351232K, used 178768K [0x0000000080000000, 0x0000000100000000)
  region size 1024K, 10 young (10240K), 10 survivors (10240K)
 Metaspace       used 115865K, committed 116864K, reserved 1155072K
  class space    used 15552K, committed 16064K, reserved 1048576K
}
Event: 111.425 GC heap before
{Heap before GC invocations=44 (full 0):
 garbage-first heap   total 351232K, used 283216K [0x0000000080000000, 0x0000000100000000)
  region size 1024K, 113 young (115712K), 10 survivors (10240K)
 Metaspace       used 116995K, committed 118016K, reserved 1155072K
  class space    used 15690K, committed 16192K, reserved 1048576K
}
Event: 111.441 GC heap after
{Heap after GC invocations=45 (full 0):
 garbage-first heap   total 351232K, used 187730K [0x0000000080000000, 0x0000000100000000)
  region size 1024K, 10 young (10240K), 10 survivors (10240K)
 Metaspace       used 116995K, committed 118016K, reserved 1155072K
  class space    used 15690K, committed 16192K, reserved 1048576K
}
Event: 111.892 GC heap before
{Heap before GC invocations=45 (full 0):
 garbage-first heap   total 351232K, used 307538K [0x0000000080000000, 0x0000000100000000)
  region size 1024K, 108 young (110592K), 10 survivors (10240K)
 Metaspace       used 120409K, committed 121408K, reserved 1155072K
  class space    used 16155K, committed 16640K, reserved 1048576K
}
Event: 111.908 GC heap after
{Heap after GC invocations=46 (full 0):
 garbage-first heap   total 351232K, used 222836K [0x0000000080000000, 0x0000000100000000)
  region size 1024K, 14 young (14336K), 14 survivors (14336K)
 Metaspace       used 120409K, committed 121408K, reserved 1155072K
  class space    used 16155K, committed 16640K, reserved 1048576K
}
Event: 111.970 GC heap before
{Heap before GC invocations=46 (full 0):
 garbage-first heap   total 351232K, used 264820K [0x0000000080000000, 0x0000000100000000)
  region size 1024K, 35 young (35840K), 14 survivors (14336K)
 Metaspace       used 120932K, committed 121920K, reserved 1155072K
  class space    used 16236K, committed 16704K, reserved 1048576K
}
Event: 111.980 GC heap after
{Heap after GC invocations=47 (full 0):
 garbage-first heap   total 351232K, used 240963K [0x0000000080000000, 0x0000000100000000)
  region size 1024K, 7 young (7168K), 7 survivors (7168K)
 Metaspace       used 120932K, committed 121920K, reserved 1155072K
  class space    used 16236K, committed 16704K, reserved 1048576K
}

