# JRE version: OpenJDK Runtime Environment (17.0.6) (build 17.0.6+0-b2043.56-10027231)
# Java VM: OpenJDK 64-Bit Server VM (17.0.6+0-b2043.56-10027231, mixed mode, tiered, compressed oops, compressed class ptrs, g1 gc, windows-amd64)
GC Precious Log:
 CPUs: 8 total, 8 available
 Memory: 12285M
 Large Page Support: Disabled
 NUMA Support: Disabled
 Compressed Oops: Enabled (32-bit)
 Heap Region Size: 1M
 Heap Min Capacity: 8M
 Heap Initial Capacity: 192M
 Heap Max Capacity: 2G
 Pre-touch: Disabled
 Parallel Workers: 8
 Concurrent Workers: 2
 Concurrent Refinement Workers: 8
 Periodic GC: Disabled
Heap:
 garbage-first heap   total 295936K, used 187153K [0x0000000080000000, 0x0000000100000000)
  region size 1024K, 7 young (7168K), 7 survivors (7168K)
 Metaspace       used 113686K, committed 114688K, reserved 1155072K
  class space    used 15295K, committed 15744K, reserved 1048576K
GC Heap History (20 events):
Event: 14.431 GC heap after
{Heap after GC invocations=47 (full 0):
 garbage-first heap   total 232448K, used 135914K [0x0000000080000000, 0x0000000100000000)
  region size 1024K, 6 young (6144K), 6 survivors (6144K)
 Metaspace       used 98772K, committed 99520K, reserved 1138688K
  class space    used 13360K, committed 13696K, reserved 1048576K
}
Event: 14.553 GC heap before
{Heap before GC invocations=47 (full 0):
 garbage-first heap   total 232448K, used 141034K [0x0000000080000000, 0x0000000100000000)
  region size 1024K, 11 young (11264K), 6 survivors (6144K)
 Metaspace       used 98964K, committed 99712K, reserved 1138688K
  class space    used 13368K, committed 13696K, reserved 1048576K
}
Event: 14.561 GC heap after
{Heap after GC invocations=48 (full 0):
 garbage-first heap   total 279552K, used 136647K [0x0000000080000000, 0x0000000100000000)
  region size 1024K, 2 young (2048K), 2 survivors (2048K)
 Metaspace       used 98964K, committed 99712K, reserved 1138688K
  class space    used 13368K, committed 13696K, reserved 1048576K
}
Event: 15.066 GC heap before
{Heap before GC invocations=48 (full 0):
 garbage-first heap   total 279552K, used 208327K [0x0000000080000000, 0x0000000100000000)
  region size 1024K, 73 young (74752K), 2 survivors (2048K)
 Metaspace       used 99513K, committed 100288K, reserved 1138688K
  class space    used 13404K, committed 13760K, reserved 1048576K
}
Event: 15.073 GC heap after
{Heap after GC invocations=49 (full 0):
 garbage-first heap   total 279552K, used 142546K [0x0000000080000000, 0x0000000100000000)
  region size 1024K, 7 young (7168K), 7 survivors (7168K)
 Metaspace       used 99513K, committed 100288K, reserved 1138688K
  class space    used 13404K, committed 13760K, reserved 1048576K
}
Event: 15.907 GC heap before
{Heap before GC invocations=49 (full 0):
 garbage-first heap   total 279552K, used 219346K [0x0000000080000000, 0x0000000100000000)
  region size 1024K, 82 young (83968K), 7 survivors (7168K)
 Metaspace       used 101495K, committed 102336K, reserved 1138688K
  class space    used 13619K, committed 14016K, reserved 1048576K
}
Event: 15.917 GC heap after
{Heap after GC invocations=50 (full 0):
 garbage-first heap   total 279552K, used 148719K [0x0000000080000000, 0x0000000100000000)
  region size 1024K, 8 young (8192K), 8 survivors (8192K)
 Metaspace       used 101495K, committed 102336K, reserved 1138688K
  class space    used 13619K, committed 14016K, reserved 1048576K
}
Event: 39.693 GC heap before
{Heap before GC invocations=50 (full 0):
 garbage-first heap   total 279552K, used 225519K [0x0000000080000000, 0x0000000100000000)
  region size 1024K, 83 young (84992K), 8 survivors (8192K)
 Metaspace       used 105508K, committed 106432K, reserved 1146880K
  class space    used 14156K, committed 14592K, reserved 1048576K
}
Event: 39.704 GC heap after
{Heap after GC invocations=51 (full 0):
 garbage-first heap   total 279552K, used 155114K [0x0000000080000000, 0x0000000100000000)
  region size 1024K, 7 young (7168K), 7 survivors (7168K)
 Metaspace       used 105508K, committed 106432K, reserved 1146880K
  class space    used 14156K, committed 14592K, reserved 1048576K
}
Event: 40.572 GC heap before
{Heap before GC invocations=51 (full 0):
 garbage-first heap   total 279552K, used 228842K [0x0000000080000000, 0x0000000100000000)
  region size 1024K, 79 young (80896K), 7 survivors (7168K)
 Metaspace       used 107660K, committed 108608K, reserved 1146880K
  class space    used 14467K, committed 14912K, reserved 1048576K
}
Event: 40.589 GC heap after
{Heap after GC invocations=52 (full 0):
 garbage-first heap   total 279552K, used 165888K [0x0000000080000000, 0x0000000100000000)
  region size 1024K, 10 young (10240K), 10 survivors (10240K)
 Metaspace       used 107660K, committed 108608K, reserved 1146880K
  class space    used 14467K, committed 14912K, reserved 1048576K
}
Event: 41.240 GC heap before
{Heap before GC invocations=53 (full 0):
 garbage-first heap   total 295936K, used 227328K [0x0000000080000000, 0x0000000100000000)
  region size 1024K, 71 young (72704K), 10 survivors (10240K)
 Metaspace       used 108092K, committed 108992K, reserved 1146880K
  class space    used 14519K, committed 14912K, reserved 1048576K
}
Event: 41.257 GC heap after
{Heap after GC invocations=54 (full 0):
 garbage-first heap   total 295936K, used 172349K [0x0000000080000000, 0x0000000100000000)
  region size 1024K, 6 young (6144K), 6 survivors (6144K)
 Metaspace       used 108092K, committed 108992K, reserved 1146880K
  class space    used 14519K, committed 14912K, reserved 1048576K
}
Event: 41.359 GC heap before
{Heap before GC invocations=54 (full 0):
 garbage-first heap   total 295936K, used 179517K [0x0000000080000000, 0x0000000100000000)
  region size 1024K, 14 young (14336K), 6 survivors (6144K)
 Metaspace       used 108156K, committed 109120K, reserved 1146880K
  class space    used 14528K, committed 14976K, reserved 1048576K
}
Event: 41.371 GC heap after
{Heap after GC invocations=55 (full 0):
 garbage-first heap   total 295936K, used 172727K [0x0000000080000000, 0x0000000100000000)
  region size 1024K, 2 young (2048K), 2 survivors (2048K)
 Metaspace       used 108156K, committed 109120K, reserved 1146880K
  class space    used 14528K, committed 14976K, reserved 1048576K
}
Event: 41.858 GC heap before
{Heap before GC invocations=55 (full 0):
 garbage-first heap   total 295936K, used 242359K [0x0000000080000000, 0x0000000100000000)
  region size 1024K, 71 young (72704K), 2 survivors (2048K)
 Metaspace       used 109464K, committed 110400K, reserved 1146880K
  class space    used 14725K, committed 15168K, reserved 1048576K
}
Event: 41.867 GC heap after
{Heap after GC invocations=56 (full 0):
 garbage-first heap   total 295936K, used 178087K [0x0000000080000000, 0x0000000100000000)
  region size 1024K, 7 young (7168K), 7 survivors (7168K)
 Metaspace       used 109464K, committed 110400K, reserved 1146880K
  class space    used 14725K, committed 15168K, reserved 1048576K
}
Event: 42.183 GC heap before
{Heap before GC invocations=56 (full 0):
 garbage-first heap   total 295936K, used 244647K [0x0000000080000000, 0x0000000100000000)
  region size 1024K, 73 young (74752K), 7 survivors (7168K)
 Metaspace       used 111894K, committed 112832K, reserved 1146880K
  class space    used 15053K, committed 15488K, reserved 1048576K
}
Event: 42.193 GC heap after
{Heap after GC invocations=57 (full 0):
 garbage-first heap   total 295936K, used 181922K [0x0000000080000000, 0x0000000100000000)
  region size 1024K, 6 young (6144K), 6 survivors (6144K)
 Metaspace       used 111894K, committed 112832K, reserved 1146880K
  class space    used 15053K, committed 15488K, reserved 1048576K
}
Event: 42.526 GC heap before
{Heap before GC invocations=57 (full 0):
 garbage-first heap   total 295936K, used 246434K [0x0000000080000000, 0x0000000100000000)
  region size 1024K, 70 young (71680K), 6 survivors (6144K)
 Metaspace       used 113686K, committed 114688K, reserved 1155072K
  class space    used 15295K, committed 15744K, reserved 1048576K
}

