# JRE version: OpenJDK Runtime Environment (17.0.6) (build 17.0.6+0-b2043.56-10027231)
# Java VM: OpenJDK 64-Bit Server VM (17.0.6+0-b2043.56-10027231, mixed mode, tiered, compressed oops, compressed class ptrs, g1 gc, windows-amd64)
GC Precious Log:
 CPUs: 8 total, 8 available
 Memory: 12285M
 Large Page Support: Disabled
 NUMA Support: Disabled
 Compressed Oops: Enabled (32-bit)
 Heap Region Size: 1M
 Heap Min Capacity: 8M
 Heap Initial Capacity: 192M
 Heap Max Capacity: 2G
 Pre-touch: Disabled
 Parallel Workers: 8
 Concurrent Workers: 2
 Concurrent Refinement Workers: 8
 Periodic GC: Disabled
Heap:
 garbage-first heap   total 318464K, used 218551K [0x0000000080000000, 0x0000000100000000)
  region size 1024K, 7 young (7168K), 7 survivors (7168K)
 Metaspace       used 97609K, committed 98240K, reserved 1138688K
  class space    used 13273K, committed 13568K, reserved 1048576K
GC Heap History (20 events):
Event: 12.369 GC heap after
{Heap after GC invocations=24 (full 0):
 garbage-first heap   total 181248K, used 83229K [0x0000000080000000, 0x0000000100000000)
  region size 1024K, 7 young (7168K), 7 survivors (7168K)
 Metaspace       used 84969K, committed 85568K, reserved 1130496K
  class space    used 11686K, committed 11968K, reserved 1048576K
}
Event: 12.956 GC heap before
{Heap before GC invocations=24 (full 0):
 garbage-first heap   total 181248K, used 142621K [0x0000000080000000, 0x0000000100000000)
  region size 1024K, 66 young (67584K), 7 survivors (7168K)
 Metaspace       used 85591K, committed 86144K, reserved 1130496K
  class space    used 11740K, committed 11968K, reserved 1048576K
}
Event: 12.964 GC heap after
{Heap after GC invocations=25 (full 0):
 garbage-first heap   total 181248K, used 87097K [0x0000000080000000, 0x0000000100000000)
  region size 1024K, 6 young (6144K), 6 survivors (6144K)
 Metaspace       used 85591K, committed 86144K, reserved 1130496K
  class space    used 11740K, committed 11968K, reserved 1048576K
}
Event: 13.327 GC heap before
{Heap before GC invocations=25 (full 0):
 garbage-first heap   total 181248K, used 144441K [0x0000000080000000, 0x0000000100000000)
  region size 1024K, 63 young (64512K), 6 survivors (6144K)
 Metaspace       used 85846K, committed 86464K, reserved 1130496K
  class space    used 11757K, committed 12032K, reserved 1048576K
}
Event: 13.335 GC heap after
{Heap after GC invocations=26 (full 0):
 garbage-first heap   total 181248K, used 90972K [0x0000000080000000, 0x0000000100000000)
  region size 1024K, 6 young (6144K), 6 survivors (6144K)
 Metaspace       used 85846K, committed 86464K, reserved 1130496K
  class space    used 11757K, committed 12032K, reserved 1048576K
}
Event: 13.841 GC heap before
{Heap before GC invocations=27 (full 0):
 garbage-first heap   total 181248K, used 146268K [0x0000000080000000, 0x0000000100000000)
  region size 1024K, 60 young (61440K), 6 survivors (6144K)
 Metaspace       used 88707K, committed 89280K, reserved 1130496K
  class space    used 12094K, committed 12352K, reserved 1048576K
}
Event: 13.849 GC heap after
{Heap after GC invocations=28 (full 0):
 garbage-first heap   total 181248K, used 95048K [0x0000000080000000, 0x0000000100000000)
  region size 1024K, 5 young (5120K), 5 survivors (5120K)
 Metaspace       used 88707K, committed 89280K, reserved 1130496K
  class space    used 12094K, committed 12352K, reserved 1048576K
}
Event: 13.870 GC heap before
{Heap before GC invocations=28 (full 0):
 garbage-first heap   total 181248K, used 98120K [0x0000000080000000, 0x0000000100000000)
  region size 1024K, 8 young (8192K), 5 survivors (5120K)
 Metaspace       used 88983K, committed 89664K, reserved 1130496K
  class space    used 12120K, committed 12416K, reserved 1048576K
}
Event: 13.876 GC heap after
{Heap after GC invocations=29 (full 0):
 garbage-first heap   total 181248K, used 94086K [0x0000000080000000, 0x0000000100000000)
  region size 1024K, 1 young (1024K), 1 survivors (1024K)
 Metaspace       used 88983K, committed 89664K, reserved 1130496K
  class space    used 12120K, committed 12416K, reserved 1048576K
}
Event: 14.122 GC heap before
{Heap before GC invocations=29 (full 0):
 garbage-first heap   total 181248K, used 147334K [0x0000000080000000, 0x0000000100000000)
  region size 1024K, 54 young (55296K), 1 survivors (1024K)
 Metaspace       used 90824K, committed 91456K, reserved 1130496K
  class space    used 12360K, committed 12672K, reserved 1048576K
}
Event: 14.132 GC heap after
{Heap after GC invocations=30 (full 0):
 garbage-first heap   total 316416K, used 98042K [0x0000000080000000, 0x0000000100000000)
  region size 1024K, 5 young (5120K), 5 survivors (5120K)
 Metaspace       used 90824K, committed 91456K, reserved 1130496K
  class space    used 12360K, committed 12672K, reserved 1048576K
}
Event: 14.939 GC heap before
{Heap before GC invocations=31 (full 0):
 garbage-first heap   total 316416K, used 284410K [0x0000000080000000, 0x0000000100000000)
  region size 1024K, 147 young (150528K), 5 survivors (5120K)
 Metaspace       used 96484K, committed 97152K, reserved 1138688K
  class space    used 13131K, committed 13440K, reserved 1048576K
}
Event: 14.957 GC heap after
{Heap after GC invocations=32 (full 0):
 garbage-first heap   total 318464K, used 154797K [0x0000000080000000, 0x0000000100000000)
  region size 1024K, 19 young (19456K), 19 survivors (19456K)
 Metaspace       used 96484K, committed 97152K, reserved 1138688K
  class space    used 13131K, committed 13440K, reserved 1048576K
}
Event: 14.960 GC heap before
{Heap before GC invocations=32 (full 0):
 garbage-first heap   total 318464K, used 154797K [0x0000000080000000, 0x0000000100000000)
  region size 1024K, 20 young (20480K), 19 survivors (19456K)
 Metaspace       used 96484K, committed 97152K, reserved 1138688K
  class space    used 13131K, committed 13440K, reserved 1048576K
}
Event: 14.972 GC heap after
{Heap after GC invocations=33 (full 0):
 garbage-first heap   total 318464K, used 155708K [0x0000000080000000, 0x0000000100000000)
  region size 1024K, 2 young (2048K), 2 survivors (2048K)
 Metaspace       used 96484K, committed 97152K, reserved 1138688K
  class space    used 13131K, committed 13440K, reserved 1048576K
}
Event: 15.398 GC heap before
{Heap before GC invocations=33 (full 0):
 garbage-first heap   total 318464K, used 276540K [0x0000000080000000, 0x0000000100000000)
  region size 1024K, 91 young (93184K), 2 survivors (2048K)
 Metaspace       used 96928K, committed 97600K, reserved 1138688K
  class space    used 13187K, committed 13504K, reserved 1048576K
}
Event: 15.421 GC heap after
{Heap after GC invocations=34 (full 0):
 garbage-first heap   total 318464K, used 191733K [0x0000000080000000, 0x0000000100000000)
  region size 1024K, 12 young (12288K), 12 survivors (12288K)
 Metaspace       used 96928K, committed 97600K, reserved 1138688K
  class space    used 13187K, committed 13504K, reserved 1048576K
}
Event: 15.667 GC heap before
{Heap before GC invocations=34 (full 0):
 garbage-first heap   total 318464K, used 255221K [0x0000000080000000, 0x0000000100000000)
  region size 1024K, 73 young (74752K), 12 survivors (12288K)
 Metaspace       used 97532K, committed 98176K, reserved 1138688K
  class space    used 13272K, committed 13568K, reserved 1048576K
}
Event: 15.691 GC heap after
{Heap after GC invocations=35 (full 0):
 garbage-first heap   total 318464K, used 206667K [0x0000000080000000, 0x0000000100000000)
  region size 1024K, 10 young (10240K), 10 survivors (10240K)
 Metaspace       used 97532K, committed 98176K, reserved 1138688K
  class space    used 13272K, committed 13568K, reserved 1048576K
}
Event: 15.807 GC heap before
{Heap before GC invocations=35 (full 0):
 garbage-first heap   total 318464K, used 261963K [0x0000000080000000, 0x0000000100000000)
  region size 1024K, 61 young (62464K), 10 survivors (10240K)
 Metaspace       used 97609K, committed 98240K, reserved 1138688K
  class space    used 13273K, committed 13568K, reserved 1048576K
}

