# JRE version: OpenJDK Runtime Environment (17.0.6) (build 17.0.6+0-b2043.56-10027231)
# Java VM: OpenJDK 64-Bit Server VM (17.0.6+0-b2043.56-10027231, mixed mode, tiered, compressed oops, compressed class ptrs, g1 gc, windows-amd64)
GC Precious Log:
 CPUs: 8 total, 8 available
 Memory: 12285M
 Large Page Support: Disabled
 NUMA Support: Disabled
 Compressed Oops: Enabled (32-bit)
 Heap Region Size: 1M
 Heap Min Capacity: 8M
 Heap Initial Capacity: 192M
 Heap Max Capacity: 2G
 Pre-touch: Disabled
 Parallel Workers: 8
 Concurrent Workers: 2
 Concurrent Refinement Workers: 8
 Periodic GC: Disabled
Heap:
 garbage-first heap   total 280576K, used 169984K [0x0000000080000000, 0x0000000100000000)
  region size 1024K, 9 young (9216K), 9 survivors (9216K)
 Metaspace       used 108092K, committed 108928K, reserved 1146880K
  class space    used 14507K, committed 14912K, reserved 1048576K
GC Heap History (20 events):
Event: 9.794 GC heap after
{Heap after GC invocations=26 (full 0):
 garbage-first heap   total 262144K, used 92099K [0x0000000080000000, 0x0000000100000000)
  region size 1024K, 1 young (1024K), 1 survivors (1024K)
 Metaspace       used 70201K, committed 70848K, reserved 1114112K
  class space    used 9379K, committed 9664K, reserved 1048576K
}
Event: 11.448 GC heap before
{Heap before GC invocations=26 (full 0):
 garbage-first heap   total 262144K, used 214979K [0x0000000080000000, 0x0000000100000000)
  region size 1024K, 115 young (117760K), 1 survivors (1024K)
 Metaspace       used 78210K, committed 78912K, reserved 1122304K
  class space    used 10525K, committed 10816K, reserved 1048576K
}
Event: 11.459 GC heap after
{Heap after GC invocations=27 (full 0):
 garbage-first heap   total 262144K, used 98713K [0x0000000080000000, 0x0000000100000000)
  region size 1024K, 9 young (9216K), 9 survivors (9216K)
 Metaspace       used 78210K, committed 78912K, reserved 1122304K
  class space    used 10525K, committed 10816K, reserved 1048576K
}
Event: 12.162 GC heap before
{Heap before GC invocations=27 (full 0):
 garbage-first heap   total 262144K, used 137625K [0x0000000080000000, 0x0000000100000000)
  region size 1024K, 48 young (49152K), 9 survivors (9216K)
 Metaspace       used 82932K, committed 83584K, reserved 1122304K
  class space    used 11291K, committed 11584K, reserved 1048576K
}
Event: 12.172 GC heap after
{Heap after GC invocations=28 (full 0):
 garbage-first heap   total 262144K, used 102472K [0x0000000080000000, 0x0000000100000000)
  region size 1024K, 4 young (4096K), 4 survivors (4096K)
 Metaspace       used 82932K, committed 83584K, reserved 1122304K
  class space    used 11291K, committed 11584K, reserved 1048576K
}
Event: 13.932 GC heap before
{Heap before GC invocations=29 (full 0):
 garbage-first heap   total 262144K, used 231496K [0x0000000080000000, 0x0000000100000000)
  region size 1024K, 107 young (109568K), 4 survivors (4096K)
 Metaspace       used 95058K, committed 95872K, reserved 1138688K
  class space    used 12981K, committed 13376K, reserved 1048576K
}
Event: 13.942 GC heap after
{Heap after GC invocations=30 (full 0):
 garbage-first heap   total 262144K, used 134794K [0x0000000080000000, 0x0000000100000000)
  region size 1024K, 14 young (14336K), 14 survivors (14336K)
 Metaspace       used 95058K, committed 95872K, reserved 1138688K
  class space    used 12981K, committed 13376K, reserved 1048576K
}
Event: 13.963 GC heap before
{Heap before GC invocations=30 (full 0):
 garbage-first heap   total 262144K, used 135818K [0x0000000080000000, 0x0000000100000000)
  region size 1024K, 15 young (15360K), 14 survivors (14336K)
 Metaspace       used 95157K, committed 96000K, reserved 1138688K
  class space    used 13000K, committed 13376K, reserved 1048576K
}
Event: 13.972 GC heap after
{Heap after GC invocations=31 (full 0):
 garbage-first heap   total 262144K, used 135544K [0x0000000080000000, 0x0000000100000000)
  region size 1024K, 2 young (2048K), 2 survivors (2048K)
 Metaspace       used 95157K, committed 96000K, reserved 1138688K
  class space    used 13000K, committed 13376K, reserved 1048576K
}
Event: 14.946 GC heap before
{Heap before GC invocations=31 (full 0):
 garbage-first heap   total 262144K, used 216440K [0x0000000080000000, 0x0000000100000000)
  region size 1024K, 81 young (82944K), 2 survivors (2048K)
 Metaspace       used 99404K, committed 100224K, reserved 1138688K
  class space    used 13414K, committed 13760K, reserved 1048576K
}
Event: 14.957 GC heap after
{Heap after GC invocations=32 (full 0):
 garbage-first heap   total 262144K, used 142265K [0x0000000080000000, 0x0000000100000000)
  region size 1024K, 8 young (8192K), 8 survivors (8192K)
 Metaspace       used 99404K, committed 100224K, reserved 1138688K
  class space    used 13414K, committed 13760K, reserved 1048576K
}
Event: 15.815 GC heap before
{Heap before GC invocations=32 (full 0):
 garbage-first heap   total 262144K, used 215993K [0x0000000080000000, 0x0000000100000000)
  region size 1024K, 81 young (82944K), 8 survivors (8192K)
 Metaspace       used 101225K, committed 102016K, reserved 1138688K
  class space    used 13594K, committed 13952K, reserved 1048576K
}
Event: 15.829 GC heap after
{Heap after GC invocations=33 (full 0):
 garbage-first heap   total 262144K, used 148030K [0x0000000080000000, 0x0000000100000000)
  region size 1024K, 8 young (8192K), 8 survivors (8192K)
 Metaspace       used 101225K, committed 102016K, reserved 1138688K
  class space    used 13594K, committed 13952K, reserved 1048576K
}
Event: 53.552 GC heap before
{Heap before GC invocations=33 (full 0):
 garbage-first heap   total 262144K, used 216638K [0x0000000080000000, 0x0000000100000000)
  region size 1024K, 75 young (76800K), 8 survivors (8192K)
 Metaspace       used 105153K, committed 106048K, reserved 1146880K
  class space    used 14117K, committed 14528K, reserved 1048576K
}
Event: 53.564 GC heap after
{Heap after GC invocations=34 (full 0):
 garbage-first heap   total 262144K, used 154492K [0x0000000080000000, 0x0000000100000000)
  region size 1024K, 7 young (7168K), 7 survivors (7168K)
 Metaspace       used 105153K, committed 106048K, reserved 1146880K
  class space    used 14117K, committed 14528K, reserved 1048576K
}
Event: 54.413 GC heap before
{Heap before GC invocations=35 (full 0):
 garbage-first heap   total 280576K, used 214908K [0x0000000080000000, 0x0000000100000000)
  region size 1024K, 67 young (68608K), 7 survivors (7168K)
 Metaspace       used 107106K, committed 107968K, reserved 1146880K
  class space    used 14357K, committed 14784K, reserved 1048576K
}
Event: 54.427 GC heap after
{Heap after GC invocations=36 (full 0):
 garbage-first heap   total 280576K, used 160872K [0x0000000080000000, 0x0000000100000000)
  region size 1024K, 8 young (8192K), 8 survivors (8192K)
 Metaspace       used 107106K, committed 107968K, reserved 1146880K
  class space    used 14357K, committed 14784K, reserved 1048576K
}
Event: 54.465 GC heap before
{Heap before GC invocations=36 (full 0):
 garbage-first heap   total 280576K, used 165992K [0x0000000080000000, 0x0000000100000000)
  region size 1024K, 13 young (13312K), 8 survivors (8192K)
 Metaspace       used 107114K, committed 107968K, reserved 1146880K
  class space    used 14358K, committed 14784K, reserved 1048576K
}
Event: 54.475 GC heap after
{Heap after GC invocations=37 (full 0):
 garbage-first heap   total 280576K, used 161525K [0x0000000080000000, 0x0000000100000000)
  region size 1024K, 2 young (2048K), 2 survivors (2048K)
 Metaspace       used 107114K, committed 107968K, reserved 1146880K
  class space    used 14358K, committed 14784K, reserved 1048576K
}
Event: 55.237 GC heap before
{Heap before GC invocations=37 (full 0):
 garbage-first heap   total 280576K, used 231157K [0x0000000080000000, 0x0000000100000000)
  region size 1024K, 71 young (72704K), 2 survivors (2048K)
 Metaspace       used 108092K, committed 108928K, reserved 1146880K
  class space    used 14507K, committed 14912K, reserved 1048576K
}

