# JRE version: OpenJDK Runtime Environment (17.0.6) (build 17.0.6+0-b2043.56-10027231)
# Java VM: OpenJDK 64-Bit Server VM (17.0.6+0-b2043.56-10027231, mixed mode, tiered, compressed oops, compressed class ptrs, g1 gc, windows-amd64)
GC Precious Log:
 CPUs: 8 total, 8 available
 Memory: 12285M
 Large Page Support: Disabled
 NUMA Support: Disabled
 Compressed Oops: Enabled (32-bit)
 Heap Region Size: 1M
 Heap Min Capacity: 8M
 Heap Initial Capacity: 192M
 Heap Max Capacity: 2G
 Pre-touch: Disabled
 Parallel Workers: 8
 Concurrent Workers: 2
 Concurrent Refinement Workers: 8
 Periodic GC: Disabled
Heap:
 garbage-first heap   total 393216K, used 297236K [0x0000000080000000, 0x0000000100000000)
  region size 1024K, 35 young (35840K), 17 survivors (17408K)
 Metaspace       used 119293K, committed 120384K, reserved 1155072K
  class space    used 16056K, committed 16576K, reserved 1048576K
GC Heap History (20 events):
Event: 14.321 GC heap before
{Heap before GC invocations=25 (full 0):
 garbage-first heap   total 184320K, used 144566K [0x0000000080000000, 0x0000000100000000)
  region size 1024K, 68 young (69632K), 6 survivors (6144K)
 Metaspace       used 85615K, committed 86208K, reserved 1130496K
  class space    used 11742K, committed 12032K, reserved 1048576K
}
Event: 14.334 GC heap after
{Heap after GC invocations=26 (full 0):
 garbage-first heap   total 184320K, used 86138K [0x0000000080000000, 0x0000000100000000)
  region size 1024K, 6 young (6144K), 6 survivors (6144K)
 Metaspace       used 85615K, committed 86208K, reserved 1130496K
  class space    used 11742K, committed 12032K, reserved 1048576K
}
Event: 14.367 GC heap before
{Heap before GC invocations=26 (full 0):
 garbage-first heap   total 184320K, used 88186K [0x0000000080000000, 0x0000000100000000)
  region size 1024K, 9 young (9216K), 6 survivors (6144K)
 Metaspace       used 85634K, committed 86272K, reserved 1130496K
  class space    used 11742K, committed 12032K, reserved 1048576K
}
Event: 14.374 GC heap after
{Heap after GC invocations=27 (full 0):
 garbage-first heap   total 184320K, used 86716K [0x0000000080000000, 0x0000000100000000)
  region size 1024K, 1 young (1024K), 1 survivors (1024K)
 Metaspace       used 85634K, committed 86272K, reserved 1130496K
  class space    used 11742K, committed 12032K, reserved 1048576K
}
Event: 14.861 GC heap before
{Heap before GC invocations=27 (full 0):
 garbage-first heap   total 184320K, used 147132K [0x0000000080000000, 0x0000000100000000)
  region size 1024K, 61 young (62464K), 1 survivors (1024K)
 Metaspace       used 85981K, committed 86656K, reserved 1130496K
  class space    used 11765K, committed 12096K, reserved 1048576K
}
Event: 14.868 GC heap after
{Heap after GC invocations=28 (full 0):
 garbage-first heap   total 184320K, used 91782K [0x0000000080000000, 0x0000000100000000)
  region size 1024K, 6 young (6144K), 6 survivors (6144K)
 Metaspace       used 85981K, committed 86656K, reserved 1130496K
  class space    used 11765K, committed 12096K, reserved 1048576K
}
Event: 15.424 GC heap before
{Heap before GC invocations=29 (full 0):
 garbage-first heap   total 184320K, used 148102K [0x0000000080000000, 0x0000000100000000)
  region size 1024K, 62 young (63488K), 6 survivors (6144K)
 Metaspace       used 86196K, committed 86848K, reserved 1130496K
  class space    used 11787K, committed 12096K, reserved 1048576K
}
Event: 15.433 GC heap after
{Heap after GC invocations=30 (full 0):
 garbage-first heap   total 184320K, used 95674K [0x0000000080000000, 0x0000000100000000)
  region size 1024K, 6 young (6144K), 6 survivors (6144K)
 Metaspace       used 86196K, committed 86848K, reserved 1130496K
  class space    used 11787K, committed 12096K, reserved 1048576K
}
Event: 15.446 GC heap before
{Heap before GC invocations=30 (full 0):
 garbage-first heap   total 184320K, used 97722K [0x0000000080000000, 0x0000000100000000)
  region size 1024K, 9 young (9216K), 6 survivors (6144K)
 Metaspace       used 86196K, committed 86848K, reserved 1130496K
  class space    used 11787K, committed 12096K, reserved 1048576K
}
Event: 15.454 GC heap after
{Heap after GC invocations=31 (full 0):
 garbage-first heap   total 184320K, used 94935K [0x0000000080000000, 0x0000000100000000)
  region size 1024K, 1 young (1024K), 1 survivors (1024K)
 Metaspace       used 86196K, committed 86848K, reserved 1130496K
  class space    used 11787K, committed 12096K, reserved 1048576K
}
Event: 15.738 GC heap before
{Heap before GC invocations=31 (full 0):
 garbage-first heap   total 184320K, used 149207K [0x0000000080000000, 0x0000000100000000)
  region size 1024K, 55 young (56320K), 1 survivors (1024K)
 Metaspace       used 86261K, committed 86912K, reserved 1130496K
  class space    used 11790K, committed 12096K, reserved 1048576K
}
Event: 15.746 GC heap after
{Heap after GC invocations=32 (full 0):
 garbage-first heap   total 393216K, used 98702K [0x0000000080000000, 0x0000000100000000)
  region size 1024K, 5 young (5120K), 5 survivors (5120K)
 Metaspace       used 86261K, committed 86912K, reserved 1130496K
  class space    used 11790K, committed 12096K, reserved 1048576K
}
Event: 100.147 GC heap before
{Heap before GC invocations=32 (full 0):
 garbage-first heap   total 393216K, used 351630K [0x0000000080000000, 0x0000000100000000)
  region size 1024K, 202 young (206848K), 5 survivors (5120K)
 Metaspace       used 100320K, committed 101248K, reserved 1138688K
  class space    used 13665K, committed 14080K, reserved 1048576K
}
Event: 100.168 GC heap after
{Heap after GC invocations=33 (full 0):
 garbage-first heap   total 393216K, used 172699K [0x0000000080000000, 0x0000000100000000)
  region size 1024K, 26 young (26624K), 26 survivors (26624K)
 Metaspace       used 100320K, committed 101248K, reserved 1138688K
  class space    used 13665K, committed 14080K, reserved 1048576K
}
Event: 101.985 GC heap before
{Heap before GC invocations=33 (full 0):
 garbage-first heap   total 393216K, used 311963K [0x0000000080000000, 0x0000000100000000)
  region size 1024K, 162 young (165888K), 26 survivors (26624K)
 Metaspace       used 107941K, committed 108928K, reserved 1146880K
  class space    used 14502K, committed 14976K, reserved 1048576K
}
Event: 102.015 GC heap after
{Heap after GC invocations=34 (full 0):
 garbage-first heap   total 393216K, used 185243K [0x0000000080000000, 0x0000000100000000)
  region size 1024K, 13 young (13312K), 13 survivors (13312K)
 Metaspace       used 107941K, committed 108928K, reserved 1146880K
  class space    used 14502K, committed 14976K, reserved 1048576K
}
Event: 120.830 GC heap before
{Heap before GC invocations=34 (full 0):
 garbage-first heap   total 393216K, used 316315K [0x0000000080000000, 0x0000000100000000)
  region size 1024K, 142 young (145408K), 13 survivors (13312K)
 Metaspace       used 112154K, committed 113088K, reserved 1146880K
  class space    used 15097K, committed 15552K, reserved 1048576K
}
Event: 120.851 GC heap after
{Heap after GC invocations=35 (full 0):
 garbage-first heap   total 393216K, used 197054K [0x0000000080000000, 0x0000000100000000)
  region size 1024K, 13 young (13312K), 13 survivors (13312K)
 Metaspace       used 112154K, committed 113088K, reserved 1146880K
  class space    used 15097K, committed 15552K, reserved 1048576K
}
Event: 121.442 GC heap before
{Heap before GC invocations=35 (full 0):
 garbage-first heap   total 393216K, used 349630K [0x0000000080000000, 0x0000000100000000)
  region size 1024K, 120 young (122880K), 13 survivors (13312K)
 Metaspace       used 118762K, committed 119744K, reserved 1155072K
  class space    used 15987K, committed 16448K, reserved 1048576K
}
Event: 121.465 GC heap after
{Heap after GC invocations=36 (full 0):
 garbage-first heap   total 393216K, used 254228K [0x0000000080000000, 0x0000000100000000)
  region size 1024K, 17 young (17408K), 17 survivors (17408K)
 Metaspace       used 118762K, committed 119744K, reserved 1155072K
  class space    used 15987K, committed 16448K, reserved 1048576K
}

